2024-09-11 10:00:01,123 [main] INFO  com.example.MyClass - Application started successfully.
2024-09-11 10:00:02,234 [main] WARN  com.example.MyClass - Configuration file not found, using default settings.
2024-09-11 10:00:03,345 [main] INFO  com.example.MyClass - Connecting to the database.
2024-09-11 10:00:04,456 [main] ERROR com.example.MyClass - Failed to connect to database: Connection refused.
2024-09-11 10:00:05,567 [main] INFO  com.example.MyClass - Retrying database connection.
2024-09-11 10:00:06,678 [main] WARN  com.example.MyClass - Database connection is slow, retrying.
2024-09-11 10:00:07,789 [main] INFO  com.example.MyClass - Database connection established.
2024-09-11 10:00:08,890 [main] ERROR com.example.MyClass - Null pointer exception encountered during processing.
2024-09-11 10:00:09,901 [main] INFO  com.example.MyClass - Processing request ID: 12345.
2024-09-11 10:00:10,012 [main] WARN  com.example.MyClass - Request ID: 12345 took longer than expected.
2024-09-11 10:01:13,345 [worker-1] INFO  com.example.TaskProcessor - Task 42 processed in 200 ms.
2024-09-11 10:01:14,456 [worker-2] ERROR com.example.TaskProcessor - Failed to process task 43: ArrayIndexOutOfBoundsException.
2024-09-11 10:01:15,567 [worker-3] INFO  com.example.DatabaseConnector - Database query executed successfully.
2024-09-11 10:01:16,678 [worker-1] WARN  com.example.FileHandler - File /tmp/data.csv not found, using default file.
2024-09-11 10:01:17,789 [worker-2] INFO  com.example.HttpClient - Sent request to https://api.example.com/data.
2024-09-11 10:01:18,890 [worker-3] ERROR com.example.HttpClient - HTTP 500 error while accessing https://api.example.com/data.
2024-09-11 10:01:19,901 [worker-1] INFO  com.example.Cache - Cache cleared successfully.
2024-09-11 10:01:20,012 [main] WARN  com.example.Configuration - Deprecated configuration key 'maxThreads' detected, please update your settings.
2024-09-11 10:01:21,123 [worker-4] INFO  com.example.Service - Heartbeat check passed for Service ID 87.
2024-09-11 10:01:22,234 [main] WARN  com.example.Cache - Cache miss detected for key user123, loading from database.
2024-09-11 10:01:23,345 [worker-5] INFO  com.example.TaskProcessor - Task 44 processed in 150 ms.
2024-09-11 10:01:24,456 [worker-6] ERROR com.example.DatabaseConnector - Database connection lost: SQLException.
2024-09-11 10:01:25,567 [worker-7] INFO  com.example.HttpClient - Received response with status 200 from https://api.example.com/status.
2024-09-11 10:01:26,678 [worker-8] WARN  com.example.FileHandler - File not found: /path/to/missing/file.txt.
2024-09-11 10:01:27,789 [main] INFO  com.example.Configuration - Loaded configuration file successfully.
2024-09-11 10:01:28,890 [worker-9] ERROR com.example.ApiClient - Failed to fetch data from API: Timeout exception.
2024-09-11 10:01:29,901 [worker-10] INFO  com.example.Scheduler - Scheduled task completed for job ID 1234.
2024-09-11 10:01:30,012 [main] WARN  com.example.Security - Unauthorized access attempt detected from IP 192.168.1.100.
2024-09-11 10:01:20,012 [main] WARN  com.example.Configuration - Deprecated configuration key 'maxThreads' detected, please update your settings.
2024-09-11 10:01:21,123 [worker-4] INFO  com.example.Service - Heartbeat check passed for Service ID 87.
2024-09-11 10:01:22,234 [main] WARN  com.example.Cache - Cache miss detected for key user123, loading from database.
2024-09-11 10:01:23,345 [worker-5] INFO  com.example.TaskProcessor - Task 44 processed in 150 ms.
2024-09-11 10:01:24,456 [worker-6] ERROR com.example.DatabaseConnector - Database connection lost: SQLException.
2024-09-11 10:01:25,567 [worker-7] INFO  com.example.HttpClient - Received response with status 200 from https
2024-09-12 14:21:15,543 [main] INFO  com.example.MainApp - Application started successfully.
2024-09-12 14:21:25,678 [worker-1] WARN  com.example.CacheManager - Cache miss for key 'user_12345', fetching from database.
2024-09-12 14:21:30,111 [scheduler-5] ERROR com.example.EmailService - Failed to send email to user@example.com: Connection timed out.
2024-09-12 15:02:45,123 [main] INFO  com.example.UserService - User login successful for userId=67890.
2024-09-12 15:03:01,789 [worker-2] WARN  com.example.DataProcessor - Processing delay detected for batchId=1023, retrying.
2024-09-12 15:03:22,456 [scheduler-3] ERROR com.example.PaymentService - Payment failed for orderId=abc123: Insufficient funds.
2024-09-12 15:10:33,567 [main] INFO  com.example.Startup - System initialization completed in 45 seconds.
2024-09-12 15:11:05,342 [worker-4] WARN  com.example.FileUploader - File upload failed for file 'document.pdf', retry limit reached.
2024-09-12 15:11:45,908 [http-nio-8080-exec-1] ERROR com.example.DatabaseConnector - Unable to connect to database: Timeout after 30 seconds.
2024-09-12 15:12:12,654 [main] INFO  com.example.ConfigLoader - Configuration loaded successfully from 'config.yaml'.
2024-09-12 15:12:45,213 [worker-3] WARN  com.example.Scheduler - Task execution delayed due to high CPU usage.
2024-09-12 15:13:10,332 [scheduler-7] ERROR com.example.ApiClient - API request to 'https://api.example.com' failed with status 500: Internal Server Error.
2024-09-12 15:13:55,876 [main] INFO  com.example.MetricsCollector - System metrics collected: CPU 75%, Memory 68%.
2024-09-12 15:14:22,431 [worker-5] WARN  com.example.SessionManager - Session timeout warning for user 'jdoe', inactivity detected.
2024-09-12 15:15:00,998 [job-executor-2] ERROR com.example.BackupService - Backup failed for 'database_backup_2024-09-12.zip': Disk space insufficient.
2024-09-12 15:16:12,123 [main] INFO  com.example.AuthService - User 'alice' successfully authenticated.
2024-09-12 15:16:45,678 [worker-6] WARN  com.example.CacheCleaner - High memory usage detected, triggering cache cleanup.
2024-09-12 15:17:08,345 [scheduler-8] ERROR com.example.OrderProcessor - Failed to process order #34567: Payment gateway error.
2024-09-12 15:17:55,987 [main] INFO  com.example.NotificationService - Notification sent to user 'bob@example.com'.
2024-09-12 15:18:22,432 [worker-9] WARN  com.example.FileDownloader - File download timeout for URL 'https://example.com/file.zip'.
2024-09-12 15:18:59,876 [http-nio-8080-exec-2] ERROR com.example.OrderService - Order processing failed for orderId=67890: Product out of stock.
2024-09-12 15:19:12,555 [main] INFO  com.example.EmailService - Email reminder sent for appointment on 2024-09-15.
2024-09-12 15:19:34,876 [worker-10] WARN  com.example.ApiService - API rate limit approaching for endpoint '/api/v1/users'.
2024-09-12 15:20:00,432 [scheduler-11] ERROR com.example.InventoryService - Inventory check failed for itemId=12345: Database connection error.
2024-09-12 15:20:25,678 [main] INFO  com.example.HealthCheck - System health check passed with no issues detected.
2024-09-12 15:20:58,213 [worker-11] WARN  com.example.PaymentGateway - Payment processing delay detected, retrying transaction.
2024-09-12 15:21:33,789 [async-processor-3] ERROR com.example.EmailSender - Failed to send email to 'customer@example.com': SMTP server not responding.
2024-09-12 14:35:27,321 [worker-thread-2] INFO  com.company.service.OrderService - Processing new order with ID: 12345
2024-09-12 14:35:31,789 [worker-thread-3] WARN  com.company.service.OrderService - Delayed response for order ID: 12346
2024-09-12 14:35:35,985 [worker-thread-4] ERROR com.company.service.OrderService - Failed to process order ID: 12347 due to insufficient stock
2024-09-13 09:22:18,234 [main] INFO  com.company.app.Main - Application started successfully
2024-09-13 09:22:19,678 [worker-thread-1] WARN  com.company.app.CacheManager - Cache size exceeded the limit, starting cleanup
2024-09-13 09:22:21,987 [worker-thread-2] ERROR com.company.app.DatabaseService - Failed to connect to the database, retrying...
2024-09-13 09:22:18,234 [main] INFO  com.company.app.Main - Application started successfully
2024-09-13 09:22:19,678 [worker-thread-1] WARN  com.company.app.CacheManager - Cache size exceeded the limit, starting cleanup
2024-09-13 09:22:21,987 [worker-thread-2] ERROR com.company.app.DatabaseService - Failed to connect to the database, retrying...
2024-09-13 09:22:18,234 [main] INFO  com.company.app.Main - Application started successfully
2024-09-13 09:22:19,678 [worker-thread-1] WARN  com.company.app.CacheManager - Cache size exceeded the limit, starting cleanup
2024-09-13 09:22:21,987 [worker-thread-2] ERROR com.company.app.DatabaseService - Failed to connect to the database, retrying...
2024-09-13 11:45:12,678 [worker-thread-3] INFO  com.company.service.UserService - User with ID: 99876 logged in successfully
2024-09-13 11:45:13,456 [worker-thread-4] WARN  com.company.service.UserService - Password for user ID: 99877 is about to expire
2024-09-13 11:45:14,789 [worker-thread-5] ERROR com.company.service.UserService - Failed to update profile for user ID: 99878 due to database timeout
2024-09-13T11:45:13,456 [worker-thread-4] WARN  com.company.service.UserService - Password for user ID: 99877 is about to expire
2024-09-13T11:45:14,789 [worker-thread-5] ERROR com.company.service.UserService - Failed to update profile for user ID: 99878 due to database timeout
2024-09-15 11:45:14,789 [worker-thread-5] ERROR com.company.service.UserService - Failed to update profile for user ID: 99878 due to database timeout
2024-09-15 11:45:13,456 [worker-thread-4] WARN  com.company.service.UserService - Password for user ID: 99877 is about to expire
2024-09-15 11:45:14,789 [worker-thread-5] ERROR com.company.service.UserService - Failed to update profile for user ID: 99878 due to database timeout